#
# There is insufficient memory for the Java Runtime Environment to continue.
# Native memory allocation (mmap) failed to map 111149056 bytes for G1 virtual space
# Possible reasons:
#   The system is out of physical RAM or swap space
#   The process is running with CompressedOops enabled, and the Java Heap may be blocking the growth of the native heap
# Possible solutions:
#   Reduce memory load on the system
#   Increase physical memory or swap space
#   Check if swap backing store is full
#   Decrease Java heap size (-Xmx/-Xms)
#   Decrease number of Java threads
#   Decrease Java thread stack sizes (-Xss)
#   Set larger code cache with -XX:ReservedCodeCacheSize=
#   JVM is running with Zero Based Compressed Oops mode in which the Java heap is
#     placed in the first 32GB address space. The Java Heap base address is the
#     maximum limit for the native heap growth. Please use -XX:HeapBaseMinAddress
#     to set the Java Heap base and to place the Java Heap above 32GB virtual address.
# This output file may be truncated or incomplete.
#
#  Out of Memory Error (os_windows.cpp:3532), pid=149444, tid=146620
#
# JRE version: OpenJDK Runtime Environment Temurin-17.0.2+8 (17.0.2+8) (build 17.0.2+8)
# Java VM: OpenJDK 64-Bit Server VM Temurin-17.0.2+8 (17.0.2+8, mixed mode, emulated-client, tiered, compressed oops, compressed class ptrs, g1 gc, windows-amd64)
# No core dump will be written. Minidumps are not enabled by default on client versions of Windows
#

---------------  S U M M A R Y ------------

Command Line: -Dcom.sun.management.jmxremote -Dcom.sun.management.jmxremote.port=51600 -Dcom.sun.management.jmxremote.authenticate=false -Dcom.sun.management.jmxremote.ssl=false -Djava.rmi.server.hostname=localhost -Dspring.jmx.enabled=true -Dspring.application.admin.enabled=true -XX:TieredStopAtLevel=1 -Dspring.boot.project.name=customer-service -Dfile.encoding=UTF-8 -XX:+ShowCodeDetailsInExceptionMessages com.zensar.CustomerServiceApplication --spring.output.ansi.enabled=always

Host: 11th Gen Intel(R) Core(TM) i5-1145G7 @ 2.60GHz, 8 cores, 15G,  Windows 10 , 64 bit Build 19041 (10.0.19041.1706)
Time: Mon Jul  4 13:09:29 2022 India Standard Time elapsed time: 3758.662610 seconds (0d 1h 2m 38s)

---------------  T H R E A D  ---------------

Current thread (0x000001512dc52b80):  VMThread "VM Thread" [stack: 0x0000000c77600000,0x0000000c77700000] [id=146620]

Stack: [0x0000000c77600000,0x0000000c77700000]
Native frames: (J=compiled Java code, j=interpreted, Vv=VM code, C=native code)
V  [jvm.dll+0x67564a]
V  [jvm.dll+0x82fc04]
V  [jvm.dll+0x8313ae]
V  [jvm.dll+0x831a13]
V  [jvm.dll+0x245235]
V  [jvm.dll+0x672539]
V  [jvm.dll+0x666e82]
V  [jvm.dll+0x30401b]
V  [jvm.dll+0x30b566]
V  [jvm.dll+0x35b1fe]
V  [jvm.dll+0x35b42f]
V  [jvm.dll+0x2daf58]
V  [jvm.dll+0x2d920c]
V  [jvm.dll+0x2d87dc]
V  [jvm.dll+0x31c61b]
V  [jvm.dll+0x835ebb]
V  [jvm.dll+0x836bf4]
V  [jvm.dll+0x83710c]
V  [jvm.dll+0x8374e4]
V  [jvm.dll+0x8375b0]
V  [jvm.dll+0x7dff2a]
V  [jvm.dll+0x6744d5]
C  [ucrtbase.dll+0x21bb2]
C  [KERNEL32.DLL+0x17034]
C  [ntdll.dll+0x52651]

VM_Operation (0x0000000c774fe7f0): G1CollectForAllocation, mode: safepoint, requested by thread 0x00000151308ddbd0


---------------  P R O C E S S  ---------------

Threads class SMR info:
_java_thread_list=0x000001512e1adbe0, length=35, elements={
0x000001512dc596e0, 0x000001512dc65080, 0x000001512dcb3690, 0x000001512dcb3f50,
0x000001512dcb5380, 0x000001512dcbbcc0, 0x000001512dcbf100, 0x000001512dcc9140,
0x000001512dd2f350, 0x000001512dea2c80, 0x000001512e2b6c00, 0x000001512e34d780,
0x000001512e34e870, 0x000001512e3836d0, 0x000001512e3a4390, 0x00000151308dbef0,
0x00000151308df8b0, 0x00000151308ddbd0, 0x00000151308de0a0, 0x00000151308d9870,
0x00000151308da210, 0x00000151308d9d40, 0x00000151308dc890, 0x00000151308dcd60,
0x00000151308dba20, 0x00000151308dc3c0, 0x00000151308da6e0, 0x00000151308dabb0,
0x00000151308db080, 0x00000151308db550, 0x00000151308de570, 0x00000151308def10,
0x00000151308d8060, 0x00000151308dd230, 0x00000151308df3e0
}

Java Threads: ( => current thread )
  0x000001512dc596e0 JavaThread "Reference Handler" daemon [_thread_blocked, id=112952, stack(0x0000000c77c00000,0x0000000c77d00000)]
  0x000001512dc65080 JavaThread "Finalizer" daemon [_thread_blocked, id=149416, stack(0x0000000c77d00000,0x0000000c77e00000)]
  0x000001512dcb3690 JavaThread "Signal Dispatcher" daemon [_thread_blocked, id=137272, stack(0x0000000c77e00000,0x0000000c77f00000)]
  0x000001512dcb3f50 JavaThread "Attach Listener" daemon [_thread_blocked, id=135368, stack(0x0000000c77f00000,0x0000000c78000000)]
  0x000001512dcb5380 JavaThread "Service Thread" daemon [_thread_blocked, id=147072, stack(0x0000000c78000000,0x0000000c78100000)]
  0x000001512dcbbcc0 JavaThread "Monitor Deflation Thread" daemon [_thread_blocked, id=124604, stack(0x0000000c78100000,0x0000000c78200000)]
  0x000001512dcbf100 JavaThread "C1 CompilerThread0" daemon [_thread_blocked, id=144216, stack(0x0000000c78200000,0x0000000c78300000)]
  0x000001512dcc9140 JavaThread "Sweeper thread" daemon [_thread_blocked, id=148804, stack(0x0000000c78300000,0x0000000c78400000)]
  0x000001512dd2f350 JavaThread "Common-Cleaner" daemon [_thread_blocked, id=35488, stack(0x0000000c78400000,0x0000000c78500000)]
  0x000001512dea2c80 JavaThread "Notification Thread" daemon [_thread_blocked, id=101620, stack(0x0000000c78800000,0x0000000c78900000)]
  0x000001512e2b6c00 JavaThread "RMI TCP Accept-0" daemon [_thread_in_native, id=148584, stack(0x0000000c78900000,0x0000000c78a00000)]
  0x000001512e34d780 JavaThread "RMI TCP Accept-51600" daemon [_thread_in_native, id=112624, stack(0x0000000c78a00000,0x0000000c78b00000)]
  0x000001512e34e870 JavaThread "RMI TCP Accept-0" daemon [_thread_in_native, id=146492, stack(0x0000000c78b00000,0x0000000c78c00000)]
  0x000001512e3836d0 JavaThread "RMI Scheduler(0)" daemon [_thread_blocked, id=128112, stack(0x0000000c78e00000,0x0000000c78f00000)]
  0x000001512e3a4390 JavaThread "JMX server connection timeout 22" daemon [_thread_blocked, id=147560, stack(0x0000000c79000000,0x0000000c79100000)]
  0x00000151308dbef0 JavaThread "Live Reload Server" daemon [_thread_in_native, id=135852, stack(0x0000000c7a000000,0x0000000c7a100000)]
  0x00000151308df8b0 JavaThread "DestroyJavaVM" [_thread_blocked, id=73176, stack(0x0000000c77500000,0x0000000c77600000)]
  0x00000151308ddbd0 JavaThread "File Watcher" daemon [_thread_blocked, id=89400, stack(0x0000000c77400000,0x0000000c77500000)]
  0x00000151308de0a0 JavaThread "Catalina-utility-1" [_thread_blocked, id=112612, stack(0x0000000c77300000,0x0000000c77400000)]
  0x00000151308d9870 JavaThread "Catalina-utility-2" [_thread_blocked, id=119220, stack(0x0000000c78700000,0x0000000c78800000)]
  0x00000151308da210 JavaThread "container-1" [_thread_blocked, id=148808, stack(0x0000000c78d00000,0x0000000c78e00000)]
  0x00000151308d9d40 JavaThread "File Watcher" daemon [_thread_blocked, id=100596, stack(0x0000000c78f00000,0x0000000c79000000)]
  0x00000151308dc890 JavaThread "http-nio-7070-exec-1" daemon [_thread_blocked, id=126380, stack(0x0000000c79800000,0x0000000c79900000)]
  0x00000151308dcd60 JavaThread "http-nio-7070-exec-2" daemon [_thread_blocked, id=63472, stack(0x0000000c79900000,0x0000000c79a00000)]
  0x00000151308dba20 JavaThread "http-nio-7070-exec-3" daemon [_thread_blocked, id=142540, stack(0x0000000c79a00000,0x0000000c79b00000)]
  0x00000151308dc3c0 JavaThread "http-nio-7070-exec-4" daemon [_thread_blocked, id=148868, stack(0x0000000c79c00000,0x0000000c79d00000)]
  0x00000151308da6e0 JavaThread "http-nio-7070-exec-5" daemon [_thread_blocked, id=129804, stack(0x0000000c79d00000,0x0000000c79e00000)]
  0x00000151308dabb0 JavaThread "http-nio-7070-exec-6" daemon [_thread_blocked, id=37880, stack(0x0000000c79e00000,0x0000000c79f00000)]
  0x00000151308db080 JavaThread "http-nio-7070-exec-7" daemon [_thread_blocked, id=82792, stack(0x0000000c79f00000,0x0000000c7a000000)]
  0x00000151308db550 JavaThread "http-nio-7070-exec-8" daemon [_thread_blocked, id=134604, stack(0x0000000c7a100000,0x0000000c7a200000)]
  0x00000151308de570 JavaThread "http-nio-7070-exec-9" daemon [_thread_blocked, id=127868, stack(0x0000000c7a200000,0x0000000c7a300000)]
  0x00000151308def10 JavaThread "http-nio-7070-exec-10" daemon [_thread_blocked, id=54948, stack(0x0000000c7a300000,0x0000000c7a400000)]
  0x00000151308d8060 JavaThread "http-nio-7070-Poller" daemon [_thread_in_native, id=137484, stack(0x0000000c7a400000,0x0000000c7a500000)]
  0x00000151308dd230 JavaThread "http-nio-7070-Acceptor" daemon [_thread_in_native, id=137016, stack(0x0000000c7a500000,0x0000000c7a600000)]
  0x00000151308df3e0 JavaThread "RMI TCP Connection(idle)" daemon [_thread_blocked, id=132208, stack(0x0000000c7a700000,0x0000000c7a800000)]

Other Threads:
=>0x000001512dc52b80 VMThread "VM Thread" [stack: 0x0000000c77600000,0x0000000c77700000] [id=146620]
  0x000001512e2bdb50 WatcherThread [stack: 0x0000000c78c00000,0x0000000c78d00000] [id=81564]
  0x000001511a9b8bc0 GCTaskThread "GC Thread#0" [stack: 0x0000000c77700000,0x0000000c77800000] [id=138340]
  0x000001512e6d3070 GCTaskThread "GC Thread#1" [stack: 0x0000000c79100000,0x0000000c79200000] [id=136616]
  0x000001512e6b28c0 GCTaskThread "GC Thread#2" [stack: 0x0000000c79200000,0x0000000c79300000] [id=148080]
  0x000001512e6fc1e0 GCTaskThread "GC Thread#3" [stack: 0x0000000c79300000,0x0000000c79400000] [id=147724]
  0x000001512e6fc860 GCTaskThread "GC Thread#4" [stack: 0x0000000c79400000,0x0000000c79500000] [id=82428]
  0x000001512e6fcee0 GCTaskThread "GC Thread#5" [stack: 0x0000000c79500000,0x0000000c79600000] [id=133840]
  0x000001512e72ce30 GCTaskThread "GC Thread#6" [stack: 0x0000000c79600000,0x0000000c79700000] [id=111384]
  0x000001512e72d0e0 GCTaskThread "GC Thread#7" [stack: 0x0000000c79700000,0x0000000c79800000] [id=149376]
  0x000001511a9c9510 ConcurrentGCThread "G1 Main Marker" [stack: 0x0000000c77800000,0x0000000c77900000] [id=139476]
  0x000001511a9ca4d0 ConcurrentGCThread "G1 Conc#0" [stack: 0x0000000c77900000,0x0000000c77a00000] [id=146704]
  0x00000151301180a0 ConcurrentGCThread "G1 Conc#1" [stack: 0x0000000c79b00000,0x0000000c79c00000] [id=127732]
  0x000001512d03ffd0 ConcurrentGCThread "G1 Refine#0" [stack: 0x0000000c77a00000,0x0000000c77b00000] [id=133380]
  0x000001512d040950 ConcurrentGCThread "G1 Service" [stack: 0x0000000c77b00000,0x0000000c77c00000] [id=137988]

Threads with active compile tasks:

VM state: at safepoint (normal execution)

VM Mutex/Monitor currently owned by a thread:  ([mutex/lock_event])
[0x000001511a95d690] Threads_lock - owner thread: 0x000001512dc52b80
[0x000001511a95c9a0] Heap_lock - owner thread: 0x00000151308ddbd0

Heap address: 0x0000000704000000, size: 4032 MB, Compressed Oops mode: Zero based, Oop shift amount: 3

CDS archive(s) not mapped
Compressed class space mapped at: 0x0000000800000000-0x0000000840000000, reserved size: 1073741824
Narrow klass base: 0x0000000800000000, Narrow klass shift: 0, Narrow klass range: 0x40000000

GC Precious Log:
 CPUs: 8 total, 8 available
 Memory: 16122M
 Large Page Support: Disabled
 NUMA Support: Disabled
 Compressed Oops: Enabled (Zero based)
 Heap Region Size: 2M
 Heap Min Capacity: 8M
 Heap Initial Capacity: 252M
 Heap Max Capacity: 4032M
 Pre-touch: Disabled
 Parallel Workers: 8
 Concurrent Workers: 2
 Concurrent Refinement Workers: 8
 Periodic GC: Disabled

Heap:
 garbage-first heap   total 40960K, used 14609K [0x0000000704000000, 0x0000000800000000)
  region size 2048K, 2 young (4096K), 2 survivors (4096K)
 Metaspace       used 39107K, committed 40064K, reserved 1089536K
  class space    used 4909K, committed 5248K, reserved 1048576K

Heap Regions: E=young(eden), S=young(survivor), O=old, HS=humongous(starts), HC=humongous(continues), CS=collection set, F=free, OA=open archive, CA=closed archive, TAMS=top-at-mark-start (previous, next)
|   0|0x0000000704000000, 0x00000007041ffff8, 0x0000000704200000| 99%| O|  |TAMS 0x00000007041ffff8, 0x0000000704000000| Untracked 
|   1|0x0000000704200000, 0x00000007043ffff0, 0x0000000704400000| 99%| O|  |TAMS 0x00000007043ffff0, 0x0000000704200000| Untracked 
|   2|0x0000000704400000, 0x00000007045fffe0, 0x0000000704600000| 99%| O|  |TAMS 0x00000007045fffe0, 0x0000000704400000| Untracked 
|   3|0x0000000704600000, 0x00000007047ffff8, 0x0000000704800000| 99%| O|  |TAMS 0x00000007047ffff8, 0x0000000704600000| Untracked 
|   4|0x0000000704800000, 0x00000007049cd948, 0x0000000704a00000| 90%| O|  |TAMS 0x0000000704800000, 0x0000000704800000| Untracked 
|   5|0x0000000704a00000, 0x0000000704b13878, 0x0000000704c00000| 53%| O|  |TAMS 0x0000000704a00000, 0x0000000704a00000| Untracked 
|   6|0x0000000704c00000, 0x0000000704c00000, 0x0000000704e00000|  0%| F|  |TAMS 0x0000000704c00000, 0x0000000704c00000| Untracked 
|   7|0x0000000704e00000, 0x0000000704e00000, 0x0000000705000000|  0%| F|  |TAMS 0x0000000704e00000, 0x0000000704e00000| Untracked 
|   8|0x0000000705000000, 0x0000000705000000, 0x0000000705200000|  0%| F|  |TAMS 0x0000000705000000, 0x0000000705000000| Untracked 
|   9|0x0000000705200000, 0x0000000705363440, 0x0000000705400000| 69%| S|CS|TAMS 0x0000000705200000, 0x0000000705200000| Complete 
|  10|0x0000000705400000, 0x0000000705400000, 0x0000000705600000|  0%| F|  |TAMS 0x0000000705400000, 0x0000000705400000| Untracked 
|  11|0x0000000705600000, 0x0000000705800000, 0x0000000705800000|100%| S|CS|TAMS 0x0000000705600000, 0x0000000705600000| Complete 
|  12|0x0000000705800000, 0x0000000705800000, 0x0000000705a00000|  0%| F|  |TAMS 0x0000000705800000, 0x0000000705800000| Untracked 
|  13|0x0000000705a00000, 0x0000000705a00000, 0x0000000705c00000|  0%| F|  |TAMS 0x0000000705a00000, 0x0000000705a00000| Untracked 
|  14|0x0000000705c00000, 0x0000000705c00000, 0x0000000705e00000|  0%| F|  |TAMS 0x0000000705c00000, 0x0000000705c00000| Untracked 
|  15|0x0000000705e00000, 0x0000000705e00000, 0x0000000706000000|  0%| F|  |TAMS 0x0000000705e00000, 0x0000000705e00000| Untracked 
|  16|0x0000000706000000, 0x0000000706000000, 0x0000000706200000|  0%| F|  |TAMS 0x0000000706000000, 0x0000000706000000| Untracked 
|  17|0x0000000706200000, 0x0000000706200000, 0x0000000706400000|  0%| F|  |TAMS 0x0000000706200000, 0x0000000706200000| Untracked 
|  18|0x0000000706400000, 0x0000000706400000, 0x0000000706600000|  0%| F|  |TAMS 0x0000000706400000, 0x0000000706400000| Untracked 
|  19|0x0000000706600000, 0x0000000706600000, 0x0000000706800000|  0%| F|  |TAMS 0x0000000706600000, 0x0000000706600000| Untracked 

Card table byte_map: [0x00000151218c0000,0x00000151220a0000] _byte_map_base: 0x000001511e0a0000

Marking Bits (Prev, Next): (CMBitMap*) 0x000001511a9b8fe0, (CMBitMap*) 0x000001511a9b9020
 Prev Bits: [0x0000015122880000, 0x0000015126780000)
 Next Bits: [0x0000015126780000, 0x000001512a680000)

Polling page: 0x000001511a0c0000

Metaspace:

Usage:
  Non-class:     33.40 MB used.
      Class:      4.79 MB used.
       Both:     38.19 MB used.

Virtual space:
  Non-class space:       40.00 MB reserved,      34.00 MB ( 85%) committed,  5 nodes.
      Class space:        1.00 GB reserved,       5.12 MB ( <1%) committed,  1 nodes.
             Both:        1.04 GB reserved,      39.12 MB (  4%) committed. 

Chunk freelists:
   Non-Class:  1.53 MB
       Class:  2.96 MB
        Both:  4.49 MB

MaxMetaspaceSize: unlimited
CompressedClassSpaceSize: 1.00 GB
Initial GC threshold: 21.00 MB
Current GC threshold: 65.56 MB
CDS: off
MetaspaceReclaimPolicy: balanced
 - commit_granule_bytes: 65536.
 - commit_granule_words: 8192.
 - virtual_space_node_default_size: 1048576.
 - enlarge_chunks_in_place: 1.
 - new_chunks_are_fully_committed: 0.
 - uncommit_free_chunks: 1.
 - use_allocation_guard: 0.
 - handle_deallocations: 1.


Internal statistics:

num_allocs_failed_limit: 6.
num_arena_births: 1558.
num_arena_deaths: 932.
num_vsnodes_births: 6.
num_vsnodes_deaths: 0.
num_space_committed: 629.
num_space_uncommitted: 3.
num_chunks_returned_to_freelist: 1272.
num_chunks_taken_from_freelist: 3081.
num_chunk_merges: 379.
num_chunk_splits: 1489.
num_chunks_enlarged: 758.
num_purges: 42.
num_inconsistent_stats: 0.

CodeCache: size=49152Kb used=13678Kb max_used=13678Kb free=35473Kb
 bounds [0x000001511dfd0000, 0x000001511ed60000, 0x0000015120fd0000]
 total_blobs=7975 nmethods=7465 adapters=437
 compilation: enabled
              stopped_count=0, restarted_count=0
 full_count=0

Compilation events (20 events):
Event: 3553.248 Thread 0x000001512dcbf100 7455       1       com.sun.jmx.mbeanserver.MXBeanLookup::getLookup (10 bytes)
Event: 3553.248 Thread 0x000001512dcbf100 nmethod 7455 0x000001511ec42310 code [0x000001511ec424a0, 0x000001511ec425a8]
Event: 3553.248 Thread 0x000001512dcbf100 7456   !   1       com.sun.jmx.mbeanserver.ConvertingMethod::invokeWithOpenReturn (84 bytes)
Event: 3553.249 Thread 0x000001512dcbf100 nmethod 7456 0x000001511ec41890 code [0x000001511ec41aa0, 0x000001511ec41f28]
Event: 3553.345 Thread 0x000001512dcbf100 7457       1       java.rmi.MarshalledObject::readObject (13 bytes)
Event: 3553.345 Thread 0x000001512dcbf100 nmethod 7457 0x000001511ec41490 code [0x000001511ec41620, 0x000001511ec41788]
Event: 3553.345 Thread 0x000001512dcbf100 7458   !   1       javax.management.remote.rmi.RMIConnectionImpl::invoke (218 bytes)
Event: 3553.346 Thread 0x000001512dcbf100 nmethod 7458 0x000001511ec3f490 code [0x000001511ec3f7c0, 0x000001511ec409e8]
Event: 3553.346 Thread 0x000001512dcbf100 7459   !   1       javax.management.remote.rmi.RMIConnectionImpl::getClassLoaderFor (47 bytes)
Event: 3553.346 Thread 0x000001512dcbf100 nmethod 7459 0x000001511ec3e390 code [0x000001511ec3e5e0, 0x000001511ec3eef8]
Event: 3553.346 Thread 0x000001512dcbf100 7460       1       javax.management.remote.rmi.RMIConnectionImpl$6::<init> (15 bytes)
Event: 3553.346 Thread 0x000001512dcbf100 nmethod 7460 0x000001511ec3e010 code [0x000001511ec3e1a0, 0x000001511ec3e318]
Event: 3553.346 Thread 0x000001512dcbf100 7461       1       javax.management.remote.rmi.RMIConnectionImpl$6::run (17 bytes)
Event: 3553.346 Thread 0x000001512dcbf100 nmethod 7461 0x000001511ec3dc90 code [0x000001511ec3de20, 0x000001511ec3df28]
Event: 3553.346 Thread 0x000001512dcbf100 7462       1       com.sun.jmx.mbeanserver.JmxMBeanServer::getClassLoaderFor (15 bytes)
Event: 3553.346 Thread 0x000001512dcbf100 nmethod 7462 0x000001511ec3d610 code [0x000001511ec3d7e0, 0x000001511ec3daa8]
Event: 3553.346 Thread 0x000001512dcbf100 7463       1       com.sun.jmx.interceptor.DefaultMBeanServerInterceptor::getClassLoaderFor (26 bytes)
Event: 3553.347 Thread 0x000001512dcbf100 nmethod 7463 0x000001511ec3cb90 code [0x000001511ec3cda0, 0x000001511ec3d278]
Event: 3616.968 Thread 0x000001512dcbf100 7465   !   1       java.util.concurrent.SynchronousQueue$TransferStack::transfer (541 bytes)
Event: 3616.981 Thread 0x000001512dcbf100 nmethod 7465 0x000001511ec36810 code [0x000001511ec36f20, 0x000001511ec3afb8]

GC Heap History (20 events):
Event: 2973.282 GC heap after
{Heap after GC invocations=50 (full 19):
 garbage-first heap   total 40960K, used 11045K [0x0000000704000000, 0x0000000800000000)
  region size 2048K, 0 young (0K), 0 survivors (0K)
 Metaspace       used 38908K, committed 40064K, reserved 1089536K
  class space    used 4871K, committed 5248K, reserved 1048576K
}
Event: 2973.409 GC heap before
{Heap before GC invocations=50 (full 19):
 garbage-first heap   total 40960K, used 29477K [0x0000000704000000, 0x0000000800000000)
  region size 2048K, 9 young (18432K), 0 survivors (0K)
 Metaspace       used 38977K, committed 40064K, reserved 1089536K
  class space    used 4886K, committed 5248K, reserved 1048576K
}
Event: 2973.411 GC heap after
{Heap after GC invocations=51 (full 19):
 garbage-first heap   total 40960K, used 13152K [0x0000000704000000, 0x0000000800000000)
  region size 2048K, 2 young (4096K), 2 survivors (4096K)
 Metaspace       used 38977K, committed 40064K, reserved 1089536K
  class space    used 4886K, committed 5248K, reserved 1048576K
}
Event: 3089.587 GC heap before
{Heap before GC invocations=51 (full 19):
 garbage-first heap   total 40960K, used 27488K [0x0000000704000000, 0x0000000800000000)
  region size 2048K, 9 young (18432K), 2 survivors (4096K)
 Metaspace       used 39099K, committed 40064K, reserved 1089536K
  class space    used 4907K, committed 5248K, reserved 1048576K
}
Event: 3089.590 GC heap after
{Heap after GC invocations=52 (full 19):
 garbage-first heap   total 40960K, used 14787K [0x0000000704000000, 0x0000000800000000)
  region size 2048K, 2 young (4096K), 2 survivors (4096K)
 Metaspace       used 39099K, committed 40064K, reserved 1089536K
  class space    used 4907K, committed 5248K, reserved 1048576K
}
Event: 3319.065 GC heap before
{Heap before GC invocations=52 (full 19):
 garbage-first heap   total 40960K, used 20931K [0x0000000704000000, 0x0000000800000000)
  region size 2048K, 6 young (12288K), 2 survivors (4096K)
 Metaspace       used 39102K, committed 40064K, reserved 1089536K
  class space    used 4907K, committed 5248K, reserved 1048576K
}
Event: 3319.093 GC heap after
{Heap after GC invocations=53 (full 20):
 garbage-first heap   total 40960K, used 11190K [0x0000000704000000, 0x0000000800000000)
  region size 2048K, 0 young (0K), 0 survivors (0K)
 Metaspace       used 38987K, committed 40064K, reserved 1089536K
  class space    used 4881K, committed 5248K, reserved 1048576K
}
Event: 3319.238 GC heap before
{Heap before GC invocations=53 (full 20):
 garbage-first heap   total 40960K, used 27574K [0x0000000704000000, 0x0000000800000000)
  region size 2048K, 8 young (16384K), 0 survivors (0K)
 Metaspace       used 39059K, committed 40064K, reserved 1089536K
  class space    used 4897K, committed 5248K, reserved 1048576K
}
Event: 3319.240 GC heap after
{Heap after GC invocations=54 (full 20):
 garbage-first heap   total 40960K, used 13047K [0x0000000704000000, 0x0000000800000000)
  region size 2048K, 1 young (2048K), 1 survivors (2048K)
 Metaspace       used 39059K, committed 40064K, reserved 1089536K
  class space    used 4897K, committed 5248K, reserved 1048576K
}
Event: 3360.703 GC heap before
{Heap before GC invocations=54 (full 20):
 garbage-first heap   total 40960K, used 25335K [0x0000000704000000, 0x0000000800000000)
  region size 2048K, 8 young (16384K), 1 survivors (2048K)
 Metaspace       used 39095K, committed 40064K, reserved 1089536K
  class space    used 4905K, committed 5248K, reserved 1048576K
}
Event: 3360.738 GC heap after
{Heap after GC invocations=55 (full 21):
 garbage-first heap   total 40960K, used 12496K [0x0000000704000000, 0x0000000800000000)
  region size 2048K, 0 young (0K), 0 survivors (0K)
 Metaspace       used 39037K, committed 40064K, reserved 1089536K
  class space    used 4891K, committed 5248K, reserved 1048576K
}
Event: 3360.909 GC heap before
{Heap before GC invocations=55 (full 21):
 garbage-first heap   total 40960K, used 26832K [0x0000000704000000, 0x0000000800000000)
  region size 2048K, 8 young (16384K), 0 survivors (0K)
 Metaspace       used 39060K, committed 40064K, reserved 1089536K
  class space    used 4896K, committed 5248K, reserved 1048576K
}
Event: 3360.910 GC heap after
{Heap after GC invocations=56 (full 21):
 garbage-first heap   total 40960K, used 14045K [0x0000000704000000, 0x0000000800000000)
  region size 2048K, 1 young (2048K), 1 survivors (2048K)
 Metaspace       used 39060K, committed 40064K, reserved 1089536K
  class space    used 4896K, committed 5248K, reserved 1048576K
}
Event: 3528.472 GC heap before
{Heap before GC invocations=56 (full 21):
 garbage-first heap   total 40960K, used 28381K [0x0000000704000000, 0x0000000800000000)
  region size 2048K, 8 young (16384K), 1 survivors (2048K)
 Metaspace       used 39084K, committed 40064K, reserved 1089536K
  class space    used 4901K, committed 5248K, reserved 1048576K
}
Event: 3528.474 GC heap after
{Heap after GC invocations=57 (full 21):
 garbage-first heap   total 40960K, used 14534K [0x0000000704000000, 0x0000000800000000)
  region size 2048K, 1 young (2048K), 1 survivors (2048K)
 Metaspace       used 39084K, committed 40064K, reserved 1089536K
  class space    used 4901K, committed 5248K, reserved 1048576K
}
Event: 3552.928 GC heap before
{Heap before GC invocations=57 (full 21):
 garbage-first heap   total 40960K, used 14534K [0x0000000704000000, 0x0000000800000000)
  region size 2048K, 2 young (4096K), 1 survivors (2048K)
 Metaspace       used 39087K, committed 40064K, reserved 1089536K
  class space    used 4902K, committed 5248K, reserved 1048576K
}
Event: 3552.958 GC heap after
{Heap after GC invocations=58 (full 22):
 garbage-first heap   total 40960K, used 11140K [0x0000000704000000, 0x0000000800000000)
  region size 2048K, 0 young (0K), 0 survivors (0K)
 Metaspace       used 39005K, committed 40064K, reserved 1089536K
  class space    used 4887K, committed 5248K, reserved 1048576K
}
Event: 3553.102 GC heap before
{Heap before GC invocations=58 (full 22):
 garbage-first heap   total 40960K, used 29572K [0x0000000704000000, 0x0000000800000000)
  region size 2048K, 9 young (18432K), 0 survivors (0K)
 Metaspace       used 39072K, committed 40064K, reserved 1089536K
  class space    used 4901K, committed 5248K, reserved 1048576K
}
Event: 3553.104 GC heap after
{Heap after GC invocations=59 (full 22):
 garbage-first heap   total 40960K, used 13188K [0x0000000704000000, 0x0000000800000000)
  region size 2048K, 1 young (2048K), 1 survivors (2048K)
 Metaspace       used 39072K, committed 40064K, reserved 1089536K
  class space    used 4901K, committed 5248K, reserved 1048576K
}
Event: 3758.654 GC heap before
{Heap before GC invocations=59 (full 22):
 garbage-first heap   total 40960K, used 29572K [0x0000000704000000, 0x0000000800000000)
  region size 2048K, 9 young (18432K), 1 survivors (2048K)
 Metaspace       used 39107K, committed 40064K, reserved 1089536K
  class space    used 4909K, committed 5248K, reserved 1048576K
}

Deoptimization events (12 events):
Event: 1.659 Thread 0x000001511a962250 DEOPT PACKING pc=0x000001511e312301 sp=0x0000000c775fdc90
Event: 1.659 Thread 0x000001511a962250 DEOPT UNPACKING pc=0x000001511e026763 sp=0x0000000c775fd0e8 mode 3
Event: 2.122 Thread 0x000001512e6feda0 DEOPT PACKING pc=0x000001511e572e79 sp=0x0000000c799fc5a0
Event: 2.122 Thread 0x000001512e6feda0 DEOPT UNPACKING pc=0x000001511e026763 sp=0x0000000c799fba80 mode 3
Event: 2.622 Thread 0x000001512e6feda0 DEOPT PACKING pc=0x000001511e6ddf01 sp=0x0000000c799fd210
Event: 2.622 Thread 0x000001512e6feda0 DEOPT UNPACKING pc=0x000001511e026763 sp=0x0000000c799fc680 mode 3
Event: 3.344 Thread 0x000001512e6feda0 DEOPT PACKING pc=0x000001511e7818a5 sp=0x0000000c799fb950
Event: 3.344 Thread 0x000001512e6feda0 DEOPT UNPACKING pc=0x000001511e026763 sp=0x0000000c799faeb8 mode 3
Event: 42.534 Thread 0x00000151308d8ed0 DEOPT PACKING pc=0x000001511e5a99d5 sp=0x0000000c787fdec0
Event: 42.534 Thread 0x00000151308d8ed0 DEOPT UNPACKING pc=0x000001511e026763 sp=0x0000000c787fd420 mode 3
Event: 1795.435 Thread 0x00000151308d8530 DEOPT PACKING pc=0x000001511ecc73f9 sp=0x0000000c785fd390
Event: 1795.435 Thread 0x00000151308d8530 DEOPT UNPACKING pc=0x000001511e026763 sp=0x0000000c785fc870 mode 3

Classes unloaded (20 events):
Event: 3552.938 Thread 0x000001512dc52b80 Unloading class 0x00000008004f9800 'jdk/internal/reflect/GeneratedSerializationConstructorAccessor39'
Event: 3552.938 Thread 0x000001512dc52b80 Unloading class 0x00000008004ffc00 'jdk/internal/reflect/GeneratedSerializationConstructorAccessor38'
Event: 3552.938 Thread 0x000001512dc52b80 Unloading class 0x00000008004ff800 'jdk/internal/reflect/GeneratedSerializationConstructorAccessor37'
Event: 3552.938 Thread 0x000001512dc52b80 Unloading class 0x00000008004e1400 'jdk/internal/reflect/GeneratedSerializationConstructorAccessor36'
Event: 3552.938 Thread 0x000001512dc52b80 Unloading class 0x00000008004e1000 'jdk/internal/reflect/GeneratedSerializationConstructorAccessor35'
Event: 3552.938 Thread 0x000001512dc52b80 Unloading class 0x000000080050f400 'jdk/internal/reflect/GeneratedMethodAccessor287'
Event: 3552.938 Thread 0x000001512dc52b80 Unloading class 0x00000008004f7000 'org/apache/catalina/loader/JdbcLeakPrevention'
Event: 3552.938 Thread 0x000001512dc52b80 Unloading class 0x00000008004fbc00 'jdk/internal/reflect/GeneratedMethodAccessor281'
Event: 3552.938 Thread 0x000001512dc52b80 Unloading class 0x00000008004e3c00 'jdk/internal/reflect/GeneratedConstructorAccessor203'
Event: 3552.938 Thread 0x000001512dc52b80 Unloading class 0x00000008004d8400 'jdk/internal/reflect/GeneratedMethodAccessor279'
Event: 3552.938 Thread 0x000001512dc52b80 Unloading class 0x000000080014c000 'jdk/internal/reflect/GeneratedConstructorAccessor202'
Event: 3552.938 Thread 0x000001512dc52b80 Unloading class 0x0000000800520400 'jdk/internal/reflect/GeneratedConstructorAccessor201'
Event: 3552.938 Thread 0x000001512dc52b80 Unloading class 0x000000080051d400 'jdk/internal/reflect/GeneratedConstructorAccessor200'
Event: 3552.938 Thread 0x000001512dc52b80 Unloading class 0x0000000800520c00 'jdk/internal/reflect/GeneratedConstructorAccessor199'
Event: 3552.938 Thread 0x000001512dc52b80 Unloading class 0x000000080050e000 'jdk/internal/reflect/GeneratedMethodAccessor262'
Event: 3552.938 Thread 0x000001512dc52b80 Unloading class 0x000000080050e800 'com/zensar/entity/Customer'
Event: 3552.938 Thread 0x000001512dc52b80 Unloading class 0x00000008004fb420 'com/zensar/CustomerServiceApplication$$EnhancerBySpringCGLIB$$34b219b0'
Event: 3552.938 Thread 0x000001512dc52b80 Unloading class 0x00000008004fb200 'com/zensar/controller/CustomerController'
Event: 3552.938 Thread 0x000001512dc52b80 Unloading class 0x00000008004fb000 'com/zensar/CustomerServiceApplication'
Event: 3552.938 Thread 0x000001512dc52b80 Unloading class 0x000000080051dc00 'jdk/internal/reflect/GeneratedSerializationConstructorAccessor30'

Classes redefined (0 events):
No events

Internal exceptions (20 events):
Event: 3319.289 Thread 0x00000151308dd230 Exception <a 'java/io/FileNotFoundException'{0x000000070659fb80}> (0x000000070659fb80) 
thrown [e:\jenkins\tmp\workspace\build\src\src\hotspot\share\prims\jni.cpp, line 516]
Event: 3319.296 Thread 0x00000151308dd230 Exception <a 'java/io/FileNotFoundException'{0x00000007062567e8}> (0x00000007062567e8) 
thrown [e:\jenkins\tmp\workspace\build\src\src\hotspot\share\prims\jni.cpp, line 516]
Event: 3360.701 Thread 0x00000151308db550 Exception <a 'java/lang/InterruptedException'{0x0000000705b36858}: sleep interrupted> (0x0000000705b36858) 
thrown [e:\jenkins\tmp\workspace\build\src\src\hotspot\share\prims\jvm.cpp, line 3067]
Event: 3360.751 Thread 0x00000151308d9870 Exception <a 'sun/nio/fs/WindowsException'{0x000000070667cff8}> (0x000000070667cff8) 
thrown [e:\jenkins\tmp\workspace\build\src\src\hotspot\share\prims\jni.cpp, line 516]
Event: 3360.903 Thread 0x00000151308d9870 Exception <a 'java/lang/NoClassDefFoundError'{0x00000007058cb120}: org/flywaydb/core/Flyway> (0x00000007058cb120) 
thrown [e:\jenkins\tmp\workspace\build\src\src\hotspot\share\oops\constantPool.cpp, line 835]
Event: 3360.903 Thread 0x00000151308d9870 Exception <a 'java/lang/NoClassDefFoundError'{0x00000007058cb770}: liquibase/integration/spring/SpringLiquibase> (0x00000007058cb770) 
thrown [e:\jenkins\tmp\workspace\build\src\src\hotspot\share\oops\constantPool.cpp, line 835]
Event: 3360.932 Thread 0x00000151308d9870 Exception <a 'sun/nio/fs/WindowsException'{0x000000070640ef78}> (0x000000070640ef78) 
thrown [e:\jenkins\tmp\workspace\build\src\src\hotspot\share\prims\jni.cpp, line 516]
Event: 3360.933 Thread 0x00000151308d9870 Exception <a 'sun/nio/fs/WindowsException'{0x000000070640f688}> (0x000000070640f688) 
thrown [e:\jenkins\tmp\workspace\build\src\src\hotspot\share\prims\jni.cpp, line 516]
Event: 3360.933 Thread 0x00000151308d9870 Exception <a 'sun/nio/fs/WindowsException'{0x000000070640fd80}> (0x000000070640fd80) 
thrown [e:\jenkins\tmp\workspace\build\src\src\hotspot\share\prims\jni.cpp, line 516]
Event: 3360.965 Thread 0x00000151308d9870 Exception <a 'java/io/FileNotFoundException'{0x0000000706436d68}> (0x0000000706436d68) 
thrown [e:\jenkins\tmp\workspace\build\src\src\hotspot\share\prims\jni.cpp, line 516]
Event: 3360.974 Thread 0x00000151308d9870 Exception <a 'java/io/FileNotFoundException'{0x00000007064e5e90}> (0x00000007064e5e90) 
thrown [e:\jenkins\tmp\workspace\build\src\src\hotspot\share\prims\jni.cpp, line 516]
Event: 3552.927 Thread 0x00000151308d9d40 Exception <a 'java/lang/InterruptedException'{0x0000000706753958}: sleep interrupted> (0x0000000706753958) 
thrown [e:\jenkins\tmp\workspace\build\src\src\hotspot\share\prims\jvm.cpp, line 3067]
Event: 3552.970 Thread 0x00000151308d93a0 Exception <a 'sun/nio/fs/WindowsException'{0x000000070667f5c8}> (0x000000070667f5c8) 
thrown [e:\jenkins\tmp\workspace\build\src\src\hotspot\share\prims\jni.cpp, line 516]
Event: 3553.089 Thread 0x00000151308d93a0 Exception <a 'java/lang/NoClassDefFoundError'{0x00000007059ba2e0}: org/flywaydb/core/Flyway> (0x00000007059ba2e0) 
thrown [e:\jenkins\tmp\workspace\build\src\src\hotspot\share\oops\constantPool.cpp, line 835]
Event: 3553.089 Thread 0x00000151308d93a0 Exception <a 'java/lang/NoClassDefFoundError'{0x00000007059ba930}: liquibase/integration/spring/SpringLiquibase> (0x00000007059ba930) 
thrown [e:\jenkins\tmp\workspace\build\src\src\hotspot\share\oops\constantPool.cpp, line 835]
Event: 3553.122 Thread 0x00000151308d93a0 Exception <a 'sun/nio/fs/WindowsException'{0x0000000706776688}> (0x0000000706776688) 
thrown [e:\jenkins\tmp\workspace\build\src\src\hotspot\share\prims\jni.cpp, line 516]
Event: 3553.123 Thread 0x00000151308d93a0 Exception <a 'sun/nio/fs/WindowsException'{0x0000000706776d98}> (0x0000000706776d98) 
thrown [e:\jenkins\tmp\workspace\build\src\src\hotspot\share\prims\jni.cpp, line 516]
Event: 3553.124 Thread 0x00000151308d93a0 Exception <a 'sun/nio/fs/WindowsException'{0x0000000706777490}> (0x0000000706777490) 
thrown [e:\jenkins\tmp\workspace\build\src\src\hotspot\share\prims\jni.cpp, line 516]
Event: 3553.156 Thread 0x00000151308d93a0 Exception <a 'java/io/FileNotFoundException'{0x000000070679e200}> (0x000000070679e200) 
thrown [e:\jenkins\tmp\workspace\build\src\src\hotspot\share\prims\jni.cpp, line 516]
Event: 3553.164 Thread 0x00000151308d93a0 Exception <a 'java/io/FileNotFoundException'{0x0000000706456dc0}> (0x0000000706456dc0) 
thrown [e:\jenkins\tmp\workspace\build\src\src\hotspot\share\prims\jni.cpp, line 516]

VM Operations (20 events):
Event: 3360.738 Executing VM operation: G1CollectFull done
Event: 3360.763 Executing VM operation: ICBufferFull
Event: 3360.763 Executing VM operation: ICBufferFull done
Event: 3360.909 Executing VM operation: G1CollectForAllocation
Event: 3360.910 Executing VM operation: G1CollectForAllocation done
Event: 3361.912 Executing VM operation: Cleanup
Event: 3361.912 Executing VM operation: Cleanup done
Event: 3391.173 Executing VM operation: Cleanup
Event: 3391.174 Executing VM operation: Cleanup done
Event: 3528.472 Executing VM operation: G1CollectForAllocation
Event: 3528.474 Executing VM operation: G1CollectForAllocation done
Event: 3552.927 Executing VM operation: G1CollectFull
Event: 3552.958 Executing VM operation: G1CollectFull done
Event: 3552.980 Executing VM operation: ICBufferFull
Event: 3552.980 Executing VM operation: ICBufferFull done
Event: 3553.102 Executing VM operation: G1CollectForAllocation
Event: 3553.104 Executing VM operation: G1CollectForAllocation done
Event: 3554.116 Executing VM operation: Cleanup
Event: 3554.116 Executing VM operation: Cleanup done
Event: 3758.654 Executing VM operation: G1CollectForAllocation

Events (20 events):
Event: 3553.221 Thread 0x00000151308da6e0 Thread added: 0x00000151308da6e0
Event: 3553.221 Thread 0x00000151308dabb0 Thread added: 0x00000151308dabb0
Event: 3553.221 Thread 0x00000151308db080 Thread added: 0x00000151308db080
Event: 3553.221 Thread 0x00000151308db550 Thread added: 0x00000151308db550
Event: 3553.221 Thread 0x00000151308de570 Thread added: 0x00000151308de570
Event: 3553.222 Thread 0x00000151308def10 Thread added: 0x00000151308def10
Event: 3553.229 Thread 0x00000151308d8060 Thread added: 0x00000151308d8060
Event: 3553.229 Thread 0x00000151308dd230 Thread added: 0x00000151308dd230
Event: 3553.235 Thread 0x00000151308df3e0 Thread added: 0x00000151308df3e0
Event: 3553.236 Thread 0x00000151308d93a0 Thread exited: 0x00000151308d93a0
Event: 3553.236 Thread 0x00000151308d8ed0 Thread exited: 0x00000151308d8ed0
Event: 3553.238 Thread 0x00000151308dd700 Thread added: 0x00000151308dd700
Event: 3553.240 Thread 0x00000151308d8530 Thread added: 0x00000151308d8530
Event: 3553.244 Thread 0x00000151308d8ed0 Thread added: 0x00000151308d8ed0
Event: 3553.245 Thread 0x00000151308d93a0 Thread added: 0x00000151308d93a0
Event: 3553.247 Thread 0x00000151308d93a0 Thread exited: 0x00000151308d93a0
Event: 3554.263 Thread 0x00000151308d8530 Thread exited: 0x00000151308d8530
Event: 3631.964 Thread 0x00000151308d8a00 Thread exited: 0x00000151308d8a00
Event: 3631.964 Thread 0x00000151308d8ed0 Thread exited: 0x00000151308d8ed0
Event: 3643.239 Thread 0x00000151308dd700 Thread exited: 0x00000151308dd700


Dynamic libraries:
0x00007ff78db40000 - 0x00007ff78db4e000 	C:\Users\rm67310\Downloads\sts-4.14.1.RELEASE\plugins\org.eclipse.justj.openjdk.hotspot.jre.full.win32.x86_64_17.0.2.v20220201-1208\jre\bin\javaw.exe
0x00007ffa60550000 - 0x00007ffa60745000 	C:\Windows\SYSTEM32\ntdll.dll
0x00007ffa5f660000 - 0x00007ffa5f71d000 	C:\Windows\System32\KERNEL32.DLL
0x00007ffa5dff0000 - 0x00007ffa5e2bd000 	C:\Windows\System32\KERNELBASE.dll
0x00007ffa5e400000 - 0x00007ffa5e500000 	C:\Windows\System32\ucrtbase.dll
0x00007ffa5a920000 - 0x00007ffa5a939000 	C:\Users\rm67310\Downloads\sts-4.14.1.RELEASE\plugins\org.eclipse.justj.openjdk.hotspot.jre.full.win32.x86_64_17.0.2.v20220201-1208\jre\bin\VCRUNTIME140.dll
0x00007ffa4b2a0000 - 0x00007ffa4b2b8000 	C:\Users\rm67310\Downloads\sts-4.14.1.RELEASE\plugins\org.eclipse.justj.openjdk.hotspot.jre.full.win32.x86_64_17.0.2.v20220201-1208\jre\bin\jli.dll
0x00007ffa5f4c0000 - 0x00007ffa5f660000 	C:\Windows\System32\USER32.dll
0x00007ffa46e20000 - 0x00007ffa470ba000 	C:\Windows\WinSxS\amd64_microsoft.windows.common-controls_6595b64144ccf1df_6.0.19041.1110_none_60b5254171f9507e\COMCTL32.dll
0x00007ffa5e500000 - 0x00007ffa5e522000 	C:\Windows\System32\win32u.dll
0x00007ffa5e640000 - 0x00007ffa5e6de000 	C:\Windows\System32\msvcrt.dll
0x00007ffa5f330000 - 0x00007ffa5f35a000 	C:\Windows\System32\GDI32.dll
0x00007ffa5de90000 - 0x00007ffa5df9b000 	C:\Windows\System32\gdi32full.dll
0x00007ffa5ddf0000 - 0x00007ffa5de8d000 	C:\Windows\System32\msvcp_win.dll
0x00007ffa5fed0000 - 0x00007ffa5ff00000 	C:\Windows\System32\IMM32.DLL
0x0000015118720000 - 0x0000015118734000 	C:\Windows\System32\umppc15205.dll
0x0000000068000000 - 0x0000000068071000 	C:\Windows\System32\QIPCAP64.dll
0x00007ffa5e760000 - 0x00007ffa5e80e000 	C:\Windows\System32\ADVAPI32.dll
0x00007ffa5e5a0000 - 0x00007ffa5e63c000 	C:\Windows\System32\sechost.dll
0x00007ffa5f050000 - 0x00007ffa5f175000 	C:\Windows\System32\RPCRT4.dll
0x00007ffa5f780000 - 0x00007ffa5fec4000 	C:\Windows\System32\SHELL32.dll
0x00007ffa5d0a0000 - 0x00007ffa5d16b000 	C:\Windows\SYSTEM32\DNSAPI.dll
0x00007ffa5d060000 - 0x00007ffa5d09b000 	C:\Windows\SYSTEM32\IPHLPAPI.DLL
0x00007ffa5e960000 - 0x00007ffa5e968000 	C:\Windows\System32\NSI.dll
0x00007ff9db970000 - 0x00007ff9dba14000 	C:\Program Files\McAfee\Endpoint Security\Threat Prevention\Ips\EpMPApi.dll
0x00007ffa5e530000 - 0x00007ffa5e598000 	C:\Windows\System32\WINTRUST.dll
0x00007ffa5dc60000 - 0x00007ffa5ddb6000 	C:\Windows\System32\CRYPT32.dll
0x00007ffa5d850000 - 0x00007ffa5d862000 	C:\Windows\SYSTEM32\MSASN1.dll
0x000000005e740000 - 0x000000005e74c000 	C:\Program Files\McAfee\Endpoint Security\Threat Prevention\Ips\EpMPThe.dll
0x00007ffa54360000 - 0x00007ffa5436c000 	C:\Users\rm67310\Downloads\sts-4.14.1.RELEASE\plugins\org.eclipse.justj.openjdk.hotspot.jre.full.win32.x86_64_17.0.2.v20220201-1208\jre\bin\vcruntime140_1.dll
0x00007ffa107b0000 - 0x00007ffa10841000 	C:\Users\rm67310\Downloads\sts-4.14.1.RELEASE\plugins\org.eclipse.justj.openjdk.hotspot.jre.full.win32.x86_64_17.0.2.v20220201-1208\jre\bin\msvcp140.dll
0x00007ff9dad20000 - 0x00007ff9db967000 	C:\Users\rm67310\Downloads\sts-4.14.1.RELEASE\plugins\org.eclipse.justj.openjdk.hotspot.jre.full.win32.x86_64_17.0.2.v20220201-1208\jre\bin\server\jvm.dll
0x00007ffa5ef10000 - 0x00007ffa5ef18000 	C:\Windows\System32\PSAPI.DLL
0x00007ffa44940000 - 0x00007ffa44949000 	C:\Windows\SYSTEM32\WSOCK32.dll
0x00007ffa5ff00000 - 0x00007ffa5ff6b000 	C:\Windows\System32\WS2_32.dll
0x00007ffa44910000 - 0x00007ffa44937000 	C:\Windows\SYSTEM32\WINMM.dll
0x00007ffa52170000 - 0x00007ffa5217a000 	C:\Windows\SYSTEM32\VERSION.dll
0x00007ffa5c360000 - 0x00007ffa5c372000 	C:\Windows\SYSTEM32\kernel.appcore.dll
0x00007ffa4e8d0000 - 0x00007ffa4e8da000 	C:\Users\rm67310\Downloads\sts-4.14.1.RELEASE\plugins\org.eclipse.justj.openjdk.hotspot.jre.full.win32.x86_64_17.0.2.v20220201-1208\jre\bin\jimage.dll
0x00007ffa5b560000 - 0x00007ffa5b744000 	C:\Windows\SYSTEM32\DBGHELP.DLL
0x00007ffa43b20000 - 0x00007ffa43b4c000 	C:\Windows\SYSTEM32\dbgcore.DLL
0x00007ffa5e370000 - 0x00007ffa5e3f2000 	C:\Windows\System32\bcryptPrimitives.dll
0x00007ffa4c300000 - 0x00007ffa4c325000 	C:\Users\rm67310\Downloads\sts-4.14.1.RELEASE\plugins\org.eclipse.justj.openjdk.hotspot.jre.full.win32.x86_64_17.0.2.v20220201-1208\jre\bin\java.dll
0x00007ff9dd6b0000 - 0x00007ff9dd769000 	C:\Program Files\Common Files\McAfee\SystemCore\mfehcinj.dll
0x00007ffa20e00000 - 0x00007ffa20e18000 	C:\Users\rm67310\Downloads\sts-4.14.1.RELEASE\plugins\org.eclipse.justj.openjdk.hotspot.jre.full.win32.x86_64_17.0.2.v20220201-1208\jre\bin\zip.dll
0x00007ffa4c7a0000 - 0x00007ffa4c7ce000 	C:\Program Files\McAfee\Endpoint Security\Adaptive Threat Protection\mfedeeprem64.dll
0x00007ffa5e810000 - 0x00007ffa5e93a000 	C:\Windows\System32\ole32.dll
0x00007ffa5ea40000 - 0x00007ffa5ed94000 	C:\Windows\System32\combase.dll
0x00007ffa5e970000 - 0x00007ffa5ea3d000 	C:\Windows\System32\OLEAUT32.dll
0x00007ffa5bbb0000 - 0x00007ffa5c344000 	C:\Windows\SYSTEM32\windows.storage.dll
0x00007ffa5d560000 - 0x00007ffa5d58c000 	C:\Windows\SYSTEM32\Wldp.dll
0x000001512d2c0000 - 0x000001512d36d000 	C:\Windows\System32\SHCORE.dll
0x00007ffa5f720000 - 0x00007ffa5f775000 	C:\Windows\System32\shlwapi.dll
0x00007ffa5dba0000 - 0x00007ffa5dbbf000 	C:\Windows\SYSTEM32\profapi.dll
0x00007ffa20d00000 - 0x00007ffa20d19000 	C:\Users\rm67310\Downloads\sts-4.14.1.RELEASE\plugins\org.eclipse.justj.openjdk.hotspot.jre.full.win32.x86_64_17.0.2.v20220201-1208\jre\bin\net.dll
0x00007ffa5cc10000 - 0x00007ffa5cd1a000 	C:\Windows\SYSTEM32\WINHTTP.dll
0x00007ffa5d350000 - 0x00007ffa5d3ba000 	C:\Windows\system32\mswsock.dll
0x00007ffa1fe30000 - 0x00007ffa1fe45000 	C:\Users\rm67310\Downloads\sts-4.14.1.RELEASE\plugins\org.eclipse.justj.openjdk.hotspot.jre.full.win32.x86_64_17.0.2.v20220201-1208\jre\bin\nio.dll
0x00007ffa4c710000 - 0x00007ffa4c719000 	C:\Users\rm67310\Downloads\sts-4.14.1.RELEASE\plugins\org.eclipse.justj.openjdk.hotspot.jre.full.win32.x86_64_17.0.2.v20220201-1208\jre\bin\management.dll
0x00007ffa4c700000 - 0x00007ffa4c70b000 	C:\Users\rm67310\Downloads\sts-4.14.1.RELEASE\plugins\org.eclipse.justj.openjdk.hotspot.jre.full.win32.x86_64_17.0.2.v20220201-1208\jre\bin\management_ext.dll
0x00007ffa3d250000 - 0x00007ffa3d267000 	C:\Windows\system32\napinsp.dll
0x00007ffa3d230000 - 0x00007ffa3d24b000 	C:\Windows\system32\pnrpnsp.dll
0x00007ffa3d210000 - 0x00007ffa3d225000 	C:\Windows\system32\wshbth.dll
0x00007ffa5a720000 - 0x00007ffa5a73d000 	C:\Windows\system32\NLAapi.dll
0x00007ffa3d1f0000 - 0x00007ffa3d202000 	C:\Windows\System32\winrnr.dll
0x00007ffa51c10000 - 0x00007ffa51c1a000 	C:\Windows\System32\rasadhlp.dll
0x00007ffa53e60000 - 0x00007ffa53ee0000 	C:\Windows\System32\fwpuclnt.dll
0x00007ffa5ddc0000 - 0x00007ffa5dde7000 	C:\Windows\System32\bcrypt.dll
0x00007ffa5d620000 - 0x00007ffa5d638000 	C:\Windows\SYSTEM32\CRYPTSP.dll
0x00007ffa5cb80000 - 0x00007ffa5cbb4000 	C:\Windows\system32\rsaenh.dll
0x00007ffa5db60000 - 0x00007ffa5db8e000 	C:\Windows\SYSTEM32\USERENV.dll
0x00007ffa5d5a0000 - 0x00007ffa5d5ac000 	C:\Windows\SYSTEM32\CRYPTBASE.dll
0x00007ffa52430000 - 0x00007ffa52447000 	C:\Windows\SYSTEM32\dhcpcsvc6.DLL
0x00007ffa52150000 - 0x00007ffa5216d000 	C:\Windows\SYSTEM32\dhcpcsvc.DLL
0x00007ffa4c650000 - 0x00007ffa4c660000 	C:\Users\rm67310\Downloads\sts-4.14.1.RELEASE\plugins\org.eclipse.justj.openjdk.hotspot.jre.full.win32.x86_64_17.0.2.v20220201-1208\jre\bin\verify.dll
0x00007ffa4b3f0000 - 0x00007ffa4b3fe000 	C:\Users\rm67310\Downloads\sts-4.14.1.RELEASE\plugins\org.eclipse.justj.openjdk.hotspot.jre.full.win32.x86_64_17.0.2.v20220201-1208\jre\bin\sunmscapi.dll
0x00007ffa5d730000 - 0x00007ffa5d757000 	C:\Windows\SYSTEM32\ncrypt.dll
0x00007ffa5d6f0000 - 0x00007ffa5d72b000 	C:\Windows\SYSTEM32\NTASN1.dll
0x00007ffa4ccb0000 - 0x00007ffa4ccb7000 	C:\Windows\system32\wshunix.dll

dbghelp: loaded successfully - version: 4.0.5 - missing functions: none
symbol engine: initialized successfully - sym options: 0x614 - pdb path: .;C:\Users\rm67310\Downloads\sts-4.14.1.RELEASE\plugins\org.eclipse.justj.openjdk.hotspot.jre.full.win32.x86_64_17.0.2.v20220201-1208\jre\bin;C:\Windows\SYSTEM32;C:\Windows\WinSxS\amd64_microsoft.windows.common-controls_6595b64144ccf1df_6.0.19041.1110_none_60b5254171f9507e;C:\Program Files\McAfee\Endpoint Security\Threat Prevention\Ips;C:\Users\rm67310\Downloads\sts-4.14.1.RELEASE\plugins\org.eclipse.justj.openjdk.hotspot.jre.full.win32.x86_64_17.0.2.v20220201-1208\jre\bin\server;C:\Program Files\Common Files\McAfee\SystemCore;C:\Program Files\McAfee\Endpoint Security\Adaptive Threat Protection

VM Arguments:
jvm_args: -Dcom.sun.management.jmxremote -Dcom.sun.management.jmxremote.port=51600 -Dcom.sun.management.jmxremote.authenticate=false -Dcom.sun.management.jmxremote.ssl=false -Djava.rmi.server.hostname=localhost -Dspring.jmx.enabled=true -Dspring.application.admin.enabled=true -XX:TieredStopAtLevel=1 -Dspring.boot.project.name=customer-service -Dfile.encoding=UTF-8 -XX:+ShowCodeDetailsInExceptionMessages 
java_command: com.zensar.CustomerServiceApplication --spring.output.ansi.enabled=always
java_class_path (initial): C:\Users\rm67310\Documents\workspace-spring-tool-suite-4-4.14.1.RELEASE\customer-service\target\classes;C:\Users\rm67310\.m2\repository\org\springframework\boot\spring-boot-starter-web\2.7.1\spring-boot-starter-web-2.7.1.jar;C:\Users\rm67310\.m2\repository\org\springframework\boot\spring-boot-starter-json\2.7.1\spring-boot-starter-json-2.7.1.jar;C:\Users\rm67310\.m2\repository\com\fasterxml\jackson\core\jackson-databind\2.13.3\jackson-databind-2.13.3.jar;C:\Users\rm67310\.m2\repository\com\fasterxml\jackson\core\jackson-annotations\2.13.3\jackson-annotations-2.13.3.jar;C:\Users\rm67310\.m2\repository\com\fasterxml\jackson\core\jackson-core\2.13.3\jackson-core-2.13.3.jar;C:\Users\rm67310\.m2\repository\com\fasterxml\jackson\datatype\jackson-datatype-jdk8\2.13.3\jackson-datatype-jdk8-2.13.3.jar;C:\Users\rm67310\.m2\repository\com\fasterxml\jackson\datatype\jackson-datatype-jsr310\2.13.3\jackson-datatype-jsr310-2.13.3.jar;C:\Users\rm67310\.m2\repository\com\fasterxml\jackson\module\jackson-module-parameter-names\2.13.3\jackson-module-parameter-names-2.13.3.jar;C:\Users\rm67310\.m2\repository\org\springframework\boot\spring-boot-starter-tomcat\2.7.1\spring-boot-starter-tomcat-2.7.1.jar;C:\Users\rm67310\.m2\repository\org\apache\tomcat\embed\tomcat-embed-core\9.0.64\tomcat-embed-core-9.0.64.jar;C:\Users\rm67310\.m2\repository\org\apache\tomcat\embed\tomcat-embed-el\9.0.64\tomcat-embed-el-9.0.64.jar;C:\Users\rm67310\.m2\repository\org\apache\tomcat\embed\tomcat-embed-websocket\9.0.64\tomcat-embed-websocket-9.0.64.jar;C:\Users\rm67310\.m2\repository\org\springframework\spring-web\5.3.21\spring-web-5.3.21.jar;C:\Users\rm67310\.m2\repository\org\springframework\spring-beans\5.3.21\spring-beans-5.3.21.jar;C:\Users\rm67310\.m2\repository\org\springframework\spring-webmvc\5.3.21\spring-webmvc-5.3.21.jar;C:\Users\rm67310\.m2\repository\org\springframework\spring-aop\5.3.21\spring-aop-5.3.21.jar;C:\Users\rm67310\.m2\repository\org\springframework\spri
Launcher Type: SUN_STANDARD

[Global flags]
     intx CICompilerCount                          = 4                                         {product} {ergonomic}
     uint ConcGCThreads                            = 2                                         {product} {ergonomic}
     uint G1ConcRefinementThreads                  = 8                                         {product} {ergonomic}
   size_t G1HeapRegionSize                         = 2097152                                   {product} {ergonomic}
    uintx GCDrainStackTargetSize                   = 64                                        {product} {ergonomic}
   size_t InitialHeapSize                          = 264241152                                 {product} {ergonomic}
     bool ManagementServer                         = true                                      {product} {command line}
   size_t MarkStackSize                            = 4194304                                   {product} {ergonomic}
   size_t MaxHeapSize                              = 4227858432                                {product} {ergonomic}
   size_t MaxNewSize                               = 2535456768                                {product} {ergonomic}
   size_t MinHeapDeltaBytes                        = 2097152                                   {product} {ergonomic}
   size_t MinHeapSize                              = 8388608                                   {product} {ergonomic}
    uintx NonProfiledCodeHeapSize                  = 0                                      {pd product} {ergonomic}
     bool ProfileInterpreter                       = false                                  {pd product} {command line}
    uintx ProfiledCodeHeapSize                     = 0                                      {pd product} {ergonomic}
     bool ShowCodeDetailsInExceptionMessages       = true                                   {manageable} {command line}
   size_t SoftMaxHeapSize                          = 4227858432                             {manageable} {ergonomic}
     intx TieredStopAtLevel                        = 1                                         {product} {command line}
     bool UseCompressedClassPointers               = true                           {product lp64_product} {ergonomic}
     bool UseCompressedOops                        = true                           {product lp64_product} {ergonomic}
     bool UseG1GC                                  = true                                      {product} {ergonomic}
     bool UseLargePagesIndividualAllocation        = false                                  {pd product} {ergonomic}

Logging:
Log output configuration:
 #0: stdout all=warning uptime,level,tags
 #1: stderr all=off uptime,level,tags

Environment Variables:
PATH=C:/Users/rm67310/Downloads/sts-4.14.1.RELEASE//plugins/org.eclipse.justj.openjdk.hotspot.jre.full.win32.x86_64_17.0.2.v20220201-1208/jre/bin/server;C:/Users/rm67310/Downloads/sts-4.14.1.RELEASE//plugins/org.eclipse.justj.openjdk.hotspot.jre.full.win32.x86_64_17.0.2.v20220201-1208/jre/bin;C:\Program Files\Common Files\Oracle\Java\javapath;C:\ProgramData\Oracle\Java\javapath;C:\Windows\system32;C:\Windows;C:\Windows\System32\Wbem;C:\Windows\System32\WindowsPowerShell\v1.0\;C:\Windows\System32\OpenSSH\;C:\Program Files\PuTTY\;C:\Program Files\Microsoft SQL Server\Client SDK\ODBC\170\Tools\Binn\;C:\Program Files (x86)\Microsoft SQL Server\150\Tools\Binn\;C:\Program Files\Microsoft SQL Server\150\Tools\Binn\;C:\Program Files\Microsoft SQL Server\150\DTS\Binn\;C:\Program Files\Git\cmd;C:\Program Files\Docker\Docker\resources\bin;C:\ProgramData\DockerDesktop\version-bin;C:\Program Files\nodejs\;C:\Program Files (x86)\Microsoft SQL Server\Client SDK\ODBC\130\Tools\Binn\;C:\Program Files (x86)\Microsoft SQL Server\140\Tools\Binn\;C:\Program Files (x86)\Microsoft SQL Server\140\DTS\Binn\;C:\Program Files (x86)\Microsoft SQL Server\140\Tools\Binn\ManagementStudio\;C:\Program Files\dotnet\;C:\Users\rm67310\AppData\Local\Microsoft\WindowsApps;;C:\Users\rm67310\Downloads\sts-4.14.1.RELEASE;
USERNAME=RM67310
OS=Windows_NT
PROCESSOR_IDENTIFIER=Intel64 Family 6 Model 140 Stepping 1, GenuineIntel



---------------  S Y S T E M  ---------------

OS:
 Windows 10 , 64 bit Build 19041 (10.0.19041.1706)
OS uptime: 34 days 23:38 hours
Hyper-V role detected

CPU: total 8 (initial active 8) (4 cores per cpu, 2 threads per core) family 6 model 140 stepping 1 microcode 0x86, cx8, cmov, fxsr, ht, mmx, 3dnowpref, sse, sse2, sse3, ssse3, sse4.1, sse4.2, popcnt, lzcnt, tsc, tscinvbit, avx, avx2, aes, erms, clmul, bmi1, bmi2, adx, avx512f, avx512dq, avx512cd, avx512bw, avx512vl, sha, fma, vzeroupper, avx512_vpopcntdq, avx512_vpclmulqdq, avx512_vaes, avx512_vnni, clflush, clflushopt, clwb, avx512_vbmi2, avx512_vbmi, hv

Memory: 4k page, system-wide physical 16122M (1098M free)
TotalPageFile size 48544M (AvailPageFile size 95M)
current process WorkingSet (physical memory assigned to process): 136M, peak: 159M
current process commit charge ("private bytes"): 177M, peak: 362M

vm_info: OpenJDK 64-Bit Server VM (17.0.2+8) for windows-amd64 JRE (17.0.2+8), built on Jan 20 2022 04:52:34 by "" with MS VC++ 16.7 (VS2019)

END.
